<?xml version="1.0" encoding="UTF-8"?>
<!-- Generated by org.testng.reporters.JUnitReportReporter -->
<testsuite skipped="0" hostname="E0593321" name="com.vodafone.foodbox.LoadBrowserTest" tests="1" failures="0" timestamp="01 Jul 2022 06:13:02 GMT" time="12.375" errors="0">
  <testcase name="testSwitchWithinFrames" time="12.375" classname="com.vodafone.foodbox.LoadBrowserTest"/>
</testsuite> <!-- com.vodafone.foodbox.LoadBrowserTest -->
